<?xml version="1.0" encoding="UTF-8"?>
<testng-results ignored="0" total="1" passed="1" failed="0" skipped="0">
  <reporter-output>
  </reporter-output>
  <suite started-at="2022-10-14T11:00:34 AEDT" name="Default suite" finished-at="2022-10-14T11:00:39 AEDT" duration-ms="5813">
    <groups>
    </groups>
    <test started-at="2022-10-14T11:00:34 AEDT" name="Default test" finished-at="2022-10-14T11:00:39 AEDT" duration-ms="5813">
      <class name="com.cog.seleniumproject.files.Logintest">
        <test-method is-config="true" signature="beforetest()[pri:0, instance:com.cog.seleniumproject.files.Logintest@54bff557]" started-at="2022-10-14T11:00:34 AEDT" name="beforetest" finished-at="2022-10-14T11:00:38 AEDT" duration-ms="4455" status="PASS">
          <reporter-output>
          </reporter-output>
        </test-method> <!-- beforetest -->
        <test-method signature="send()[pri:0, instance:com.cog.seleniumproject.files.Logintest@54bff557]" started-at="2022-10-14T11:00:38 AEDT" name="send" finished-at="2022-10-14T11:00:39 AEDT" duration-ms="706" status="PASS">
          <reporter-output>
          </reporter-output>
        </test-method> <!-- send -->
        <test-method is-config="true" signature="aftertest()[pri:0, instance:com.cog.seleniumproject.files.Logintest@54bff557]" started-at="2022-10-14T11:00:39 AEDT" name="aftertest" finished-at="2022-10-14T11:00:39 AEDT" duration-ms="626" status="PASS">
          <reporter-output>
          </reporter-output>
        </test-method> <!-- aftertest -->
      </class> <!-- com.cog.seleniumproject.files.Logintest -->
    </test> <!-- Default test -->
  </suite> <!-- Default suite -->
</testng-results>
